Analysis & Synthesis report for top
Thu Oct  8 16:06:55 2020
Quartus Prime Version 20.1.0 Build 711 06/05/2020 SJ Lite Edition


---------------------
; Table of Contents ;
---------------------
  1. Legal Notice
  2. Analysis & Synthesis Summary
  3. Analysis & Synthesis Settings
  4. Parallel Compilation
  5. Analysis & Synthesis Source Files Read
  6. Analysis & Synthesis Resource Usage Summary
  7. Analysis & Synthesis Resource Utilization by Entity
  8. General Register Statistics
  9. Inverted Register Statistics
 10. Analysis & Synthesis Messages



----------------
; Legal Notice ;
----------------
Copyright (C) 2020  Intel Corporation. All rights reserved.
Your use of Intel Corporation's design tools, logic functions 
and other software and tools, and any partner logic 
functions, and any output files from any of the foregoing 
(including device programming or simulation files), and any 
associated documentation or information are expressly subject 
to the terms and conditions of the Intel Program License 
Subscription Agreement, the Intel Quartus Prime License Agreement,
the Intel FPGA IP License Agreement, or other applicable license
agreement, including, without limitation, that your use is for
the sole purpose of programming logic devices manufactured by
Intel and sold by Intel or its authorized distributors.  Please
refer to the applicable agreement for further details, at
https://fpgasoftware.intel.com/eula.



+---------------------------------------------------------------------------+
; Analysis & Synthesis Summary                                              ;
+-----------------------------+---------------------------------------------+
; Analysis & Synthesis Status ; Successful - Thu Oct  8 16:06:55 2020       ;
; Quartus Prime Version       ; 20.1.0 Build 711 06/05/2020 SJ Lite Edition ;
; Revision Name               ; top                                         ;
; Top-level Entity Name       ; top                                         ;
; Family                      ; MAX II                                      ;
; Total logic elements        ; 149                                         ;
; Total pins                  ; 17                                          ;
; Total virtual pins          ; 0                                           ;
; UFM blocks                  ; 0 / 1 ( 0 % )                               ;
+-----------------------------+---------------------------------------------+


+------------------------------------------------------------------------------------------------------------+
; Analysis & Synthesis Settings                                                                              ;
+------------------------------------------------------------------+--------------------+--------------------+
; Option                                                           ; Setting            ; Default Value      ;
+------------------------------------------------------------------+--------------------+--------------------+
; Device                                                           ; EPM240T100C5       ;                    ;
; Top-level entity name                                            ; top                ; top                ;
; Family name                                                      ; MAX II             ; Cyclone V          ;
; Use smart compilation                                            ; Off                ; Off                ;
; Enable parallel Assembler and Timing Analyzer during compilation ; On                 ; On                 ;
; Enable compact report table                                      ; Off                ; Off                ;
; Restructure Multiplexers                                         ; Auto               ; Auto               ;
; Create Debugging Nodes for IP Cores                              ; Off                ; Off                ;
; Preserve fewer node names                                        ; On                 ; On                 ;
; Intel FPGA IP Evaluation Mode                                    ; Enable             ; Enable             ;
; Verilog Version                                                  ; Verilog_2001       ; Verilog_2001       ;
; VHDL Version                                                     ; VHDL_1993          ; VHDL_1993          ;
; State Machine Processing                                         ; Auto               ; Auto               ;
; Safe State Machine                                               ; Off                ; Off                ;
; Extract Verilog State Machines                                   ; On                 ; On                 ;
; Extract VHDL State Machines                                      ; On                 ; On                 ;
; Ignore Verilog initial constructs                                ; Off                ; Off                ;
; Iteration limit for constant Verilog loops                       ; 5000               ; 5000               ;
; Iteration limit for non-constant Verilog loops                   ; 250                ; 250                ;
; Add Pass-Through Logic to Inferred RAMs                          ; On                 ; On                 ;
; Infer RAMs from Raw Logic                                        ; On                 ; On                 ;
; Parallel Synthesis                                               ; On                 ; On                 ;
; NOT Gate Push-Back                                               ; On                 ; On                 ;
; Power-Up Don't Care                                              ; On                 ; On                 ;
; Remove Redundant Logic Cells                                     ; Off                ; Off                ;
; Remove Duplicate Registers                                       ; On                 ; On                 ;
; Ignore CARRY Buffers                                             ; Off                ; Off                ;
; Ignore CASCADE Buffers                                           ; Off                ; Off                ;
; Ignore GLOBAL Buffers                                            ; Off                ; Off                ;
; Ignore ROW GLOBAL Buffers                                        ; Off                ; Off                ;
; Ignore LCELL Buffers                                             ; Off                ; Off                ;
; Ignore SOFT Buffers                                              ; On                 ; On                 ;
; Limit AHDL Integers to 32 Bits                                   ; Off                ; Off                ;
; Optimization Technique                                           ; Balanced           ; Balanced           ;
; Carry Chain Length                                               ; 70                 ; 70                 ;
; Auto Carry Chains                                                ; On                 ; On                 ;
; Auto Open-Drain Pins                                             ; On                 ; On                 ;
; Perform WYSIWYG Primitive Resynthesis                            ; Off                ; Off                ;
; Auto Shift Register Replacement                                  ; Auto               ; Auto               ;
; Allow Shift Register Merging across Hierarchies                  ; Auto               ; Auto               ;
; Auto Clock Enable Replacement                                    ; On                 ; On                 ;
; Allow Synchronous Control Signals                                ; On                 ; On                 ;
; Force Use of Synchronous Clear Signals                           ; Off                ; Off                ;
; Auto Resource Sharing                                            ; Off                ; Off                ;
; Use LogicLock Constraints during Resource Balancing              ; On                 ; On                 ;
; Ignore translate_off and synthesis_off directives                ; Off                ; Off                ;
; Report Parameter Settings                                        ; On                 ; On                 ;
; Report Source Assignments                                        ; On                 ; On                 ;
; Report Connectivity Checks                                       ; On                 ; On                 ;
; Ignore Maximum Fan-Out Assignments                               ; Off                ; Off                ;
; Synchronization Register Chain Length                            ; 2                  ; 2                  ;
; Power Optimization During Synthesis                              ; Normal compilation ; Normal compilation ;
; HDL message level                                                ; Level2             ; Level2             ;
; Suppress Register Optimization Related Messages                  ; Off                ; Off                ;
; Number of Removed Registers Reported in Synthesis Report         ; 5000               ; 5000               ;
; Number of Swept Nodes Reported in Synthesis Report               ; 5000               ; 5000               ;
; Number of Inverted Registers Reported in Synthesis Report        ; 100                ; 100                ;
; Clock MUX Protection                                             ; On                 ; On                 ;
; Block Design Naming                                              ; Auto               ; Auto               ;
; Synthesis Effort                                                 ; Auto               ; Auto               ;
; Shift Register Replacement - Allow Asynchronous Clear Signal     ; On                 ; On                 ;
; Analysis & Synthesis Message Level                               ; Medium             ; Medium             ;
; Disable Register Merging Across Hierarchies                      ; Auto               ; Auto               ;
+------------------------------------------------------------------+--------------------+--------------------+


+------------------------------------------+
; Parallel Compilation                     ;
+----------------------------+-------------+
; Processors                 ; Number      ;
+----------------------------+-------------+
; Number detected on machine ; 8           ;
; Maximum allowed            ; 4           ;
;                            ;             ;
; Average used               ; 1.00        ;
; Maximum used               ; 1           ;
;                            ;             ;
; Usage by Processor         ; % Time Used ;
;     Processor 1            ; 100.0%      ;
+----------------------------+-------------+


+-----------------------------------------------------------------------------------------------------------------------------------------+
; Analysis & Synthesis Source Files Read                                                                                                  ;
+----------------------------------+-----------------+-----------------+--------------------------------------------------------+---------+
; File Name with User-Entered Path ; Used in Netlist ; File Type       ; File Name with Absolute Path                           ; Library ;
+----------------------------------+-----------------+-----------------+--------------------------------------------------------+---------+
; top.vhd                          ; yes             ; User VHDL File  ; /home/jose/code/Projetos/FrequencyCounter/cpld/top.vhd ;         ;
+----------------------------------+-----------------+-----------------+--------------------------------------------------------+---------+


+------------------------------------------------------+
; Analysis & Synthesis Resource Usage Summary          ;
+---------------------------------------------+--------+
; Resource                                    ; Usage  ;
+---------------------------------------------+--------+
; Total logic elements                        ; 149    ;
;     -- Combinational with no register       ; 73     ;
;     -- Register only                        ; 20     ;
;     -- Combinational with a register        ; 56     ;
;                                             ;        ;
; Logic element usage by number of LUT inputs ;        ;
;     -- 4 input functions                    ; 62     ;
;     -- 3 input functions                    ; 10     ;
;     -- 2 input functions                    ; 52     ;
;     -- 1 input functions                    ; 4      ;
;     -- 0 input functions                    ; 1      ;
;                                             ;        ;
; Logic elements by mode                      ;        ;
;     -- normal mode                          ; 105    ;
;     -- arithmetic mode                      ; 44     ;
;     -- qfbk mode                            ; 0      ;
;     -- register cascade mode                ; 0      ;
;     -- synchronous clear/load mode          ; 31     ;
;     -- asynchronous clear/load mode         ; 6      ;
;                                             ;        ;
; Total registers                             ; 76     ;
; Total logic cells in carry chains           ; 46     ;
; I/O pins                                    ; 17     ;
; Maximum fan-out node                        ; mux[1] ;
; Maximum fan-out                             ; 36     ;
; Total fan-out                               ; 548    ;
; Average fan-out                             ; 3.30   ;
+---------------------------------------------+--------+


+------------------------------------------------------------------------------------------------------------------------------------------------------------------------------------------------------------------------------------+
; Analysis & Synthesis Resource Utilization by Entity                                                                                                                                                                                ;
+----------------------------+-------------+--------------+------------+------+--------------+--------------+-------------------+------------------+-----------------+------------+---------------------+-------------+--------------+
; Compilation Hierarchy Node ; Logic Cells ; LC Registers ; UFM Blocks ; Pins ; Virtual Pins ; LUT-Only LCs ; Register-Only LCs ; LUT/Register LCs ; Carry Chain LCs ; Packed LCs ; Full Hierarchy Name ; Entity Name ; Library Name ;
+----------------------------+-------------+--------------+------------+------+--------------+--------------+-------------------+------------------+-----------------+------------+---------------------+-------------+--------------+
; |top                       ; 149 (149)   ; 76           ; 0          ; 17   ; 0            ; 73 (73)      ; 20 (20)           ; 56 (56)          ; 46 (46)         ; 0 (0)      ; |top                ; top         ; work         ;
+----------------------------+-------------+--------------+------------+------+--------------+--------------+-------------------+------------------+-----------------+------------+---------------------+-------------+--------------+
Note: For table entries with two numbers listed, the numbers in parentheses indicate the number of resources of the given type used by the specific entity alone. The numbers listed outside of parentheses indicate the total resources of the given type used by the specific entity and all of its sub-entities in the hierarchy.


+------------------------------------------------------+
; General Register Statistics                          ;
+----------------------------------------------+-------+
; Statistic                                    ; Value ;
+----------------------------------------------+-------+
; Total registers                              ; 76    ;
; Number of registers using Synchronous Clear  ; 31    ;
; Number of registers using Synchronous Load   ; 0     ;
; Number of registers using Asynchronous Clear ; 6     ;
; Number of registers using Asynchronous Load  ; 0     ;
; Number of registers using Clock Enable       ; 20    ;
; Number of registers using Preset             ; 0     ;
+----------------------------------------------+-------+


+--------------------------------------------------+
; Inverted Register Statistics                     ;
+----------------------------------------+---------+
; Inverted Register                      ; Fan out ;
+----------------------------------------+---------+
; readindex[2]                           ; 8       ;
; readindex[3]                           ; 7       ;
; readindex[1]                           ; 5       ;
; readindex[0]                           ; 5       ;
; siggate                                ; 20      ;
; syn1siggate                            ; 1       ;
; Total number of inverted registers = 6 ;         ;
+----------------------------------------+---------+


+-------------------------------+
; Analysis & Synthesis Messages ;
+-------------------------------+
Info: *******************************************************************
Info: Running Quartus Prime Analysis & Synthesis
    Info: Version 20.1.0 Build 711 06/05/2020 SJ Lite Edition
    Info: Processing started: Thu Oct  8 16:06:44 2020
Info: Command: quartus_map --read_settings_files=on --write_settings_files=off freqcounter -c top
Warning (18236): Number of processors has not been specified which may cause overloading on shared machines.  Set the global assignment NUM_PARALLEL_PROCESSORS in your QSF to an appropriate value for best performance.
Info (20030): Parallel compilation is enabled and will use 4 of the 4 processors detected
Info (12021): Found 2 design units, including 1 entities, in source file top.vhd
    Info (12022): Found design unit 1: top-Behavioral File: /home/jose/code/Projetos/FrequencyCounter/cpld/top.vhd Line: 27
    Info (12023): Found entity 1: top File: /home/jose/code/Projetos/FrequencyCounter/cpld/top.vhd Line: 5
Info (12127): Elaborating entity "top" for the top level hierarchy
Warning (10492): VHDL Process Statement warning at top.vhd(54): signal "refclk" is read inside the Process Statement but isn't in the Process Statement's sensitivity list File: /home/jose/code/Projetos/FrequencyCounter/cpld/top.vhd Line: 54
Warning (10492): VHDL Process Statement warning at top.vhd(93): signal "eventhold" is read inside the Process Statement but isn't in the Process Statement's sensitivity list File: /home/jose/code/Projetos/FrequencyCounter/cpld/top.vhd Line: 93
Warning (10492): VHDL Process Statement warning at top.vhd(94): signal "eventhold" is read inside the Process Statement but isn't in the Process Statement's sensitivity list File: /home/jose/code/Projetos/FrequencyCounter/cpld/top.vhd Line: 94
Warning (10492): VHDL Process Statement warning at top.vhd(95): signal "eventhold" is read inside the Process Statement but isn't in the Process Statement's sensitivity list File: /home/jose/code/Projetos/FrequencyCounter/cpld/top.vhd Line: 95
Warning (10492): VHDL Process Statement warning at top.vhd(96): signal "eventhold" is read inside the Process Statement but isn't in the Process Statement's sensitivity list File: /home/jose/code/Projetos/FrequencyCounter/cpld/top.vhd Line: 96
Warning (10492): VHDL Process Statement warning at top.vhd(97): signal "eventhold" is read inside the Process Statement but isn't in the Process Statement's sensitivity list File: /home/jose/code/Projetos/FrequencyCounter/cpld/top.vhd Line: 97
Warning (10492): VHDL Process Statement warning at top.vhd(98): signal "eventhold" is read inside the Process Statement but isn't in the Process Statement's sensitivity list File: /home/jose/code/Projetos/FrequencyCounter/cpld/top.vhd Line: 98
Warning (10492): VHDL Process Statement warning at top.vhd(99): signal "eventhold" is read inside the Process Statement but isn't in the Process Statement's sensitivity list File: /home/jose/code/Projetos/FrequencyCounter/cpld/top.vhd Line: 99
Warning (10492): VHDL Process Statement warning at top.vhd(100): signal "eventhold" is read inside the Process Statement but isn't in the Process Statement's sensitivity list File: /home/jose/code/Projetos/FrequencyCounter/cpld/top.vhd Line: 100
Warning (10492): VHDL Process Statement warning at top.vhd(101): signal "eventhold" is read inside the Process Statement but isn't in the Process Statement's sensitivity list File: /home/jose/code/Projetos/FrequencyCounter/cpld/top.vhd Line: 101
Warning (10492): VHDL Process Statement warning at top.vhd(102): signal "eventhold" is read inside the Process Statement but isn't in the Process Statement's sensitivity list File: /home/jose/code/Projetos/FrequencyCounter/cpld/top.vhd Line: 102
Warning (10492): VHDL Process Statement warning at top.vhd(103): signal "eventhold" is read inside the Process Statement but isn't in the Process Statement's sensitivity list File: /home/jose/code/Projetos/FrequencyCounter/cpld/top.vhd Line: 103
Warning (10492): VHDL Process Statement warning at top.vhd(104): signal "eventhold" is read inside the Process Statement but isn't in the Process Statement's sensitivity list File: /home/jose/code/Projetos/FrequencyCounter/cpld/top.vhd Line: 104
Warning (10492): VHDL Process Statement warning at top.vhd(105): signal "eventhold" is read inside the Process Statement but isn't in the Process Statement's sensitivity list File: /home/jose/code/Projetos/FrequencyCounter/cpld/top.vhd Line: 105
Warning (10492): VHDL Process Statement warning at top.vhd(106): signal "eventhold" is read inside the Process Statement but isn't in the Process Statement's sensitivity list File: /home/jose/code/Projetos/FrequencyCounter/cpld/top.vhd Line: 106
Warning (10492): VHDL Process Statement warning at top.vhd(107): signal "eventhold" is read inside the Process Statement but isn't in the Process Statement's sensitivity list File: /home/jose/code/Projetos/FrequencyCounter/cpld/top.vhd Line: 107
Warning (10492): VHDL Process Statement warning at top.vhd(108): signal "eventhold" is read inside the Process Statement but isn't in the Process Statement's sensitivity list File: /home/jose/code/Projetos/FrequencyCounter/cpld/top.vhd Line: 108
Warning (10492): VHDL Process Statement warning at top.vhd(129): signal "ss" is read inside the Process Statement but isn't in the Process Statement's sensitivity list File: /home/jose/code/Projetos/FrequencyCounter/cpld/top.vhd Line: 129
Info (18000): Registers with preset signals will power-up high File: /home/jose/code/Projetos/FrequencyCounter/cpld/top.vhd Line: 117
Info (21057): Implemented 166 device resources after synthesis - the final resource count might be different
    Info (21058): Implemented 8 input pins
    Info (21059): Implemented 9 output pins
    Info (21061): Implemented 149 logic cells
Info: Quartus Prime Analysis & Synthesis was successful. 0 errors, 19 warnings
    Info: Peak virtual memory: 400 megabytes
    Info: Processing ended: Thu Oct  8 16:06:55 2020
    Info: Elapsed time: 00:00:11
    Info: Total CPU time (on all processors): 00:00:26


